INFO: latexindent version 3.4.1, 2018-01-18, a script to indent .tex files
      latexindent lives here: /usr/share/texlive/texmf-dist/scripts/latexindent/
      Fri Sep 20 17:08:24 2019
      Filename: 中心流形定理.tex
INFO: Processing switches:
      -w|--overwrite: Overwrite mode active, will make a back up of 中心流形定理.tex first
INFO: Directory for backup files and indent.log: .
INFO: YAML settings read: defaultSettings.yaml
      Reading defaultSettings.yaml from /usr/share/texlive/texmf-dist/scripts/latexindent/defaultSettings.yaml
INFO: YAML settings read: indentconfig.yaml or .indentconfig.yaml
      Home directory is /home/wyz (didn't find either indentconfig.yaml or .indentconfig.yaml)
      To specify user settings you would put indentconfig.yaml here: /home/wyz/indentconfig.yaml
      Alternatively, you can use the hidden file .indentconfig.yaml as: /home/wyz/.indentconfig.yaml
INFO: Backup procedure (-w flag active):
      copying 中心流形定理.tex to ./中心流形定理.bak0
      Backup file: ./中心流形定理.bak0
      中心流形定理.tex will be overwritten after indentation
INFO: Phase 1: searching for objects
INFO: Phase 2: finding surrounding indentation
INFO: Phase 3: indenting objects
INFO: Phase 4: final indentation check
INFO: Output routine:
      Overwriting file 中心流形定理.tex
      --------------
INFO: Please direct all communication/issues to:
      https://github.com/cmhughes/latexindent.pl
