\BOOKMARK [1][]{section.0.1}{\376\377\0000\000.\0001\000\040\122\115\212\000}{}% 1
\BOOKMARK [0][]{chapter.1}{\376\377\0001\000\040\127\372\147\054\151\202\137\365\124\214\121\306\131\007\167\345\213\306}{}% 2
\BOOKMARK [1][]{section.1.1}{\376\377\0001\000.\0001\000\040\122\250\122\233\174\373\176\337\123\312\121\166\176\323\147\204\172\063\133\232\140\047}{chapter.1}% 3
\BOOKMARK [1][]{section.1.2}{\376\377\0001\000.\0002\000\040\122\006\134\224\116\016\122\006\134\224\225\356\230\230\166\204\143\320\154\325}{chapter.1}% 4
\BOOKMARK [2][]{subsection.1.2.1}{\376\377\0001\000.\0002\000.\0001\000\040\122\006\134\224\166\204\151\202\137\365}{section.1.2}% 5
\BOOKMARK [2][]{subsection.1.2.2}{\376\377\0001\000.\0002\000.\0002\000\040\122\006\134\224\225\356\230\230\166\204\143\320\154\325}{section.1.2}% 6
\BOOKMARK [1][]{section.1.3}{\376\377\0001\000.\0003\000\040\116\055\137\303\155\101\137\142\133\232\164\006}{chapter.1}% 7
\BOOKMARK [2][]{subsection.1.3.1}{\376\377\0001\000.\0003\000.\0001\000\040\176\277\140\047\140\305\137\142}{section.1.3}% 8
\BOOKMARK [2][]{subsection.1.3.2}{\376\377\0001\000.\0003\000.\0002\000\040\227\136\176\277\140\047\140\305\137\142}{section.1.3}% 9
\BOOKMARK [1][]{section.1.4}{\376\377\0001\000.\0004\000\040\153\143\211\304\137\142}{chapter.1}% 10
\BOOKMARK [2][]{subsection.1.4.1}{\376\377\0001\000.\0004\000.\0001\000\040\136\070\137\256\122\006\145\271\172\013\127\050\131\107\160\271\226\104\217\321\166\204\153\143\211\304\137\142}{section.1.4}% 11
\BOOKMARK [2][]{subsection.1.4.2}{\376\377\0001\000.\0004\000.\0002\000\040\121\161\143\057\116\016\227\136\121\161\143\057}{section.1.4}% 12
\BOOKMARK [2][]{subsection.1.4.3}{\376\377\0001\000.\0004\000.\0003\000\040\153\143\211\304\137\142\166\204\213\241\173\227}{section.1.4}% 13
\BOOKMARK [2][]{subsection.1.4.4}{\376\377\0001\000.\0004\000.\0004\000\040\146\040\134\004\127\050\116\015\122\250\160\271\226\104\217\321\166\204\153\143\211\304\137\142}{section.1.4}% 14
\BOOKMARK [2][]{subsection.1.4.5}{\376\377\0001\000.\0004\000.\0005\000\040\121\111\156\321\176\277\140\047\123\026}{section.1.4}% 15
\BOOKMARK [1][]{section.1.5}{\376\377\0001\000.\0005\000\040\146\156\220\002\137\000\142\230\116\016\122\006\134\224\166\204\117\131\176\364}{chapter.1}% 16
\BOOKMARK [2][]{subsection.1.5.1}{\376\377\0001\000.\0005\000.\0001\000\040\146\156\220\002\137\000\142\230\166\204\133\232\116\111}{section.1.5}% 17
\BOOKMARK [0][]{chapter.2}{\376\377\0002\000\040\136\070\211\301\166\204\134\100\220\350\116\016\227\136\134\100\220\350\122\006\134\224}{}% 18
\BOOKMARK [1][]{section.2.1}{\376\377\0002\000.\0001\000\040\131\107\160\271\122\006\134\224}{chapter.2}% 19
\BOOKMARK [2][]{subsection.2.1.1}{\376\377\0002\000.\0001\000.\0001\000\040\116\000\202\054\164\006\213\272}{section.2.1}% 20
\BOOKMARK [2][]{subsection.2.1.2}{\376\377\0002\000.\0001\000.\0002\000\040\000L\000i\000a\000p\000u\000n\000o\000v\000-\000S\000c\000h\000m\000i\000d\000t\145\271\154\325}{section.2.1}% 21
\BOOKMARK [1][]{section.2.2}{\376\377\0002\000.\0002\000\040\225\355\217\150\122\006\134\224}{chapter.2}% 22
\BOOKMARK [1][]{section.2.3}{\376\377\0002\000.\0003\000\040\000H\000o\000p\000f\000\040\122\006\134\224}{chapter.2}% 23
\BOOKMARK [2][]{subsection.2.3.1}{\376\377\0002\000.\0003\000.\0001\000\040\221\321\121\170\166\204\000H\000o\000p\000f\122\006\134\224\133\232\164\006}{section.2.3}% 24
\BOOKMARK [2][]{subsection.2.3.2}{\376\377\0002\000.\0003\000.\0002\000\040\220\000\123\026\000H\000o\000p\000f\122\006\134\224\133\232\164\006}{section.2.3}% 25
\BOOKMARK [2][]{subsection.2.3.3}{\376\377\0002\000.\0003\000.\0003\000\040\136\224\165\050}{section.2.3}% 26
\BOOKMARK [2][]{subsection.2.3.4}{\376\377\0002\000.\0003\000.\0004\000\040\133\371\123\302\145\160\116\000\201\364\166\204\000H\000o\000p\000f\122\006\134\224\133\232\164\006}{section.2.3}% 27
\BOOKMARK [1][]{section.2.4}{\376\377\0002\000.\0004\000\040\136\163\227\142\116\012\166\204\124\014\133\277\122\006\134\224}{chapter.2}% 28
\BOOKMARK [2][]{subsection.2.4.1}{\376\377\0002\000.\0004\000.\0001\000\040\133\371\123\302\145\160\116\000\201\364\166\204\124\014\133\277\122\006\134\224}{section.2.4}% 29
\BOOKMARK [1][]{section.2.5}{\376\377\0002\000.\0005\000\040\000P\000o\000i\000n\000c\000a\000r\000e\122\006\134\224\116\016\137\061\000H\000i\000l\000b\000e\000r\000t\173\054\0001\0006\225\356\230\230}{chapter.2}% 30
\BOOKMARK [2][]{subsection.2.5.1}{\376\377\0002\000.\0005\000.\0001\000\040\000P\000o\000i\000n\000c\000a\000r\000e\122\006\134\224}{section.2.5}% 31
\BOOKMARK [1][]{section.2.6}{\376\377\0002\000.\0006\000\040\121\340\174\173\117\131\176\364\0002\166\204\136\163\227\142\124\021\221\317\127\072\122\006\134\224}{chapter.2}% 23
\BOOKMARK [2][]{subsection.2.6.1}{\376\377\0002\000.\0006\000.\0001\000\040\116\214\221\315\226\366\162\171\137\201\150\071\000:\000B\000o\000g\000d\000a\000n\000o\000v\000-\000T\000a\000k\000e\000n\000s\174\373\176\337}{section.2.6}% 24
\BOOKMARK [2][]{subsection.2.6.2}{\376\377\0002\000.\0006\000.\0002\000\040\122\006\134\224\126\376\000,\217\150\176\277\166\204\142\323\142\121\122\006\174\173}{section.2.6}% 25
\BOOKMARK [0][]{chapter.3}{\376\377\0003\000\040\123\314\146\362\116\015\122\250\160\271\123\312\232\154\216\104\133\130\127\050\140\047\133\232\164\006}{}% 26
\BOOKMARK [1][]{section.3.1}{\376\377\0003\000.\0001\000\040\123\314\146\362\116\015\122\250\160\271\133\232\164\006}{chapter.3}% 27
\BOOKMARK [2][]{subsection.3.1.1}{\376\377\0003\000.\0001\000.\0001\000\040\133\232\164\006\166\204\226\110\217\360}{section.3.1}% 28
\BOOKMARK [2][]{subsection.3.1.2}{\376\377\0003\000.\0001\000.\0002\000\040\213\301\146\016\166\204\140\035\215\357}{section.3.1}% 29
\BOOKMARK [2][]{subsection.3.1.3}{\376\377\0003\000.\0001\000.\0003\000\040\121\340\116\052\137\025\164\006}{section.3.1}% 30
\BOOKMARK [2][]{subsection.3.1.4}{\376\377\0003\000.\0001\000.\0004\000\040\000\050\000_\000h\000,\000_\000v\000\051\167\351\137\142\166\204\232\330\124\214\133\275}{section.3.1}% 31
